<?xml version="1.0" encoding="UTF-8"?>
<!-- Generated by org.testng.reporters.JUnitReportReporter -->
<testsuite hostname="Declans-Air" failures="0" tests="1" name="tests.get.TC001_GetAllProducts" time="0.038" errors="0" timestamp="2022-08-08T14:53:59 BST" skipped="0">
  <testcase classname="tests.get.TC001_GetAllProducts" name="testingGetAll" time="0.038"/>
  <system-out/>
</testsuite> <!-- tests.get.TC001_GetAllProducts -->
