<?xml version="1.0" encoding="UTF-8"?>
<!-- Generated by org.testng.reporters.JUnitReportReporter -->
<testsuite hostname="Declans-Air" failures="0" tests="1" name="tests.get.restassured.TC001_GetAllProducts" time="0.013" errors="0" timestamp="2022-08-08T16:30:47 BST" skipped="0">
  <testcase classname="tests.get.restassured.TC001_GetAllProducts" name="testingGetAll" time="0.013"/>
  <system-out/>
</testsuite> <!-- tests.get.restassured.TC001_GetAllProducts -->
